
ASEM-51 V1.3                                         Copyright (c) 2002 by W.W. Heinz                                         PAGE 1





       MCS-51 Family Macro Assembler   A S E M - 5 1   V 1.3
       =====================================================



	Source File:	ZhongDuan.ASM
	Object File:	ZhongDuan.hex
	List File:	ZhongDuan.lst



 Line  I  Addr  Code            Source

    1:		N      0000	ORG 0000H
    2:	  0000	02 01 00	LJMP MAIN
    3:		N      0003	ORG 0003H
    4:	  0003	02 01 16	LJMP INT
    5:		N      0100	ORG 0100H
    6:
    7:	  0100	D2 AF		MAIN: SETB EA
    8:	  0102	D2 A8		SETB EX0
    9:	  0104	D2 B8		SETB PX0
   10:	  0106	D2 88		SETB IT0
   11:	  0108	75 90 00	LOOP1: MOV P1,#00H
   12:	  010B	12 01 37	LCALL DEL0
   13:	  010E	75 90 FF	MOV P1,#0FFH
   14:	  0111	12 01 37	LCALL DEL0
   15:	  0114	21 08		AJMP LOOP1
   16:
   17:	  0116	C2 AF		INT: CLR EA
   18:	  0118	C0 D0		PUSH PSW
   19:	  011A	C0 E0		PUSH ACC
   20:	  011C	D2 AF		SETB EA
   21:	  011E	78 02		MOV R0, #2
   22:	  0120	79 08		SUB: MOV R1, #8
   23:	  0122	74 FE		MOV A,#0FEH
   24:	  0124	F5 90		LOOP2: MOV P1, A
   25:	  0126	12 01 44	LCALL DEL4
   26:	  0129	23		RL A
   27:	  012A	D9 F8		DJNZ R1, LOOP2
   28:	  012C	D8 F2		DJNZ R0, SUB
   29:	  012E	C2 AF		CLR EA
   30:	  0130	D0 E0		POP ACC
   31:	  0132	D0 D0		POP PSW
   32:	  0134	D2 AF		SETB EA
   33:	  0136	32		RETI
   34:
   35:	  0137	7F 0F		DEL0: MOV R7,#15
   36:	  0139	7E CA		DEL1: MOV R6, #202
   37:	  013B	7D 51		DEL2: MOV R5, #81
   38:	  013D	DD FE		DEL3: DJNZ R5, DEL3
   39:	  013F	DE FA		DJNZ R6, DEL2
   40:	  0141	DF F6		DJNZ R7, DEL1
   41:	  0143	22		RET
   42:
   43:	  0144	7C 0F		DEL4: MOV R4,#15

ASEM-51 V1.3                                         Copyright (c) 2002 by W.W. Heinz                                         PAGE 2



 Line  I  Addr  Code            Source

   44:	  0146	7B CA		DEL5: MOV R3, #202
   45:	  0148	7A 51		DEL6: MOV R2, #81
   46:	  014A	DA FE		DEL7: DJNZ R2, DEL7
   47:	  014C	DB FA		DJNZ R3, DEL6
   48:	  014E	DC F6		DJNZ R4, DEL5
   49:	  0150	22		RET
   50:
   51:				END
   52:





                     register banks used:  ---

                     no errors




ASEM-51 V1.3                                         Copyright (c) 2002 by W.W. Heinz                                         PAGE 3





	       L I S T   O F   S Y M B O L S
	       =============================


SYMBOL				  TYPE     VALUE	LINE
------------------------------------------------------------
??ASEM_51			  NUMBER    8051
??VERSION			  NUMBER    0130
AC				  BIT	      D6
ACC				  DATA	      E0
B				  DATA	      F0
CY				  BIT	      D7
DEL0				  CODE	    0137	  35
DEL1				  CODE	    0139	  36
DEL2				  CODE	    013B	  37
DEL3				  CODE	    013D	  38
DEL4				  CODE	    0144	  43
DEL5				  CODE	    0146	  44
DEL6				  CODE	    0148	  45
DEL7				  CODE	    014A	  46
DPH				  DATA	      83
DPL				  DATA	      82
EA				  BIT	      AF
ES				  BIT	      AC
ET0				  BIT	      A9
ET1				  BIT	      AB
EX0				  BIT	      A8
EX1				  BIT	      AA
EXTI0				  CODE	    0003
EXTI1				  CODE	    0013
F0				  BIT	      D5
IE				  DATA	      A8
IE0				  BIT	      89
IE1				  BIT	      8B
INT				  CODE	    0116	  17
INT0				  BIT	      B2
INT1				  BIT	      B3
IP				  DATA	      B8
IT0				  BIT	      88
IT1				  BIT	      8A
LOOP1				  CODE	    0108	  11
LOOP2				  CODE	    0124	  24
MAIN				  CODE	    0100	   7
OV				  BIT	      D2
P				  BIT	      D0
P0				  DATA	      80
P1				  DATA	      90
P2				  DATA	      A0
P3				  DATA	      B0
PCON				  DATA	      87
PS				  BIT	      BC
PSW				  DATA	      D0
PT0				  BIT	      B9
PT1				  BIT	      BB
PX0				  BIT	      B8
PX1				  BIT	      BA

ASEM-51 V1.3                                         Copyright (c) 2002 by W.W. Heinz                                         PAGE 4



SYMBOL				  TYPE     VALUE	LINE
------------------------------------------------------------
RB8				  BIT	      9A
RD				  BIT	      B7
REN				  BIT	      9C
RESET				  CODE	    0000
RI				  BIT	      98
RS0				  BIT	      D3
RS1				  BIT	      D4
RXD				  BIT	      B0
SBUF				  DATA	      99
SCON				  DATA	      98
SINT				  CODE	    0023
SM0				  BIT	      9F
SM1				  BIT	      9E
SM2				  BIT	      9D
SP				  DATA	      81
SUB				  CODE	    0120	  22
T0				  BIT	      B4
T1				  BIT	      B5
TB8				  BIT	      9B
TCON				  DATA	      88
TF0				  BIT	      8D
TF1				  BIT	      8F
TH0				  DATA	      8C
TH1				  DATA	      8D
TI				  BIT	      99
TIMER0				  CODE	    000B
TIMER1				  CODE	    001B
TL0				  DATA	      8A
TL1				  DATA	      8B
TMOD				  DATA	      89
TR0				  BIT	      8C
TR1				  BIT	      8E
TXD				  BIT	      B1
WR				  BIT	      B6
