
ASEM-51 V1.3                                         Copyright (c) 2002 by W.W. Heinz                                         PAGE 1





       MCS-51 Family Macro Assembler   A S E M - 5 1   V 1.3
       =====================================================



	Source File:	DingShi.ASM
	Object File:	DingShi.hex
	List File:	DingShi.lst



 Line  I  Addr  Code            Source

    1:		N      0000	ORG 0000H
    2:
    3:	  0000	02 00 30	LJMP MAIN
    4:		N      000B	ORG 000BH
    5:	  000B	02 00 61	LJMP ITOP
    6:		N      0030	ORG 0030H
    7:
    8:	  0030	75 89 06	MAIN:MOV TMOD, #06H
    9:	  0033	75 8A FF	MOV TL0, #0FFH
   10:	  0036	75 8C FF	MOV TH0, #0FFH
   11:	  0039	D2 A9		SETB ET0
   12:	  003B	D2 AF		SETB EA
   13:	  003D	D2 8C		SETB TR0
   14:
   15:	  003F	75 1A C0	MOV 1AH, #0C0H
   16:	  0042	75 11 F9	MOV 11H, #0F9H
   17:	  0045	75 12 A4	MOV 12H, #0A4H
   18:	  0048	75 13 B0	MOV 13H, #0B0H
   19:	  004B	75 14 99	MOV 14H, #99H
   20:	  004E	75 15 92	MOV 15H, #92H
   21:	  0051	75 16 82	MOV 16H, #82H
   22:	  0054	75 17 F8	MOV 17H, #0F8H
   23:	  0057	75 18 80	MOV 18H, #80H
   24:	  005A	75 19 90	MOV 19H, #90H
   25:
   26:	  005D	78 11		MOV R0, #11H
   27:
   28:	  005F	80 FE		HERE: SJMP HERE
   29:
   30:	  0061	86 A0		ITOP: MOV P2, @R0
   31:	  0063	08		INC R0
   32:	  0064	B8 1B 02	CJNE R0, #1BH, FINAL
   33:	  0067	78 11		MOV R0,#11H
   34:	  0069	32		FINAL: RETI
   35:
   36:				END





                     register banks used:  ---


ASEM-51 V1.3                                         Copyright (c) 2002 by W.W. Heinz                                         PAGE 2



                     no errors




ASEM-51 V1.3                                         Copyright (c) 2002 by W.W. Heinz                                         PAGE 3





	       L I S T   O F   S Y M B O L S
	       =============================


SYMBOL				  TYPE     VALUE	LINE
------------------------------------------------------------
??ASEM_51			  NUMBER    8051
??VERSION			  NUMBER    0130
AC				  BIT	      D6
ACC				  DATA	      E0
B				  DATA	      F0
CY				  BIT	      D7
DPH				  DATA	      83
DPL				  DATA	      82
EA				  BIT	      AF
ES				  BIT	      AC
ET0				  BIT	      A9
ET1				  BIT	      AB
EX0				  BIT	      A8
EX1				  BIT	      AA
EXTI0				  CODE	    0003
EXTI1				  CODE	    0013
F0				  BIT	      D5
FINAL				  CODE	    0069	  34
HERE				  CODE	    005F	  28
IE				  DATA	      A8
IE0				  BIT	      89
IE1				  BIT	      8B
INT0				  BIT	      B2
INT1				  BIT	      B3
IP				  DATA	      B8
IT0				  BIT	      88
IT1				  BIT	      8A
ITOP				  CODE	    0061	  30
MAIN				  CODE	    0030	   8
OV				  BIT	      D2
P				  BIT	      D0
P0				  DATA	      80
P1				  DATA	      90
P2				  DATA	      A0
P3				  DATA	      B0
PCON				  DATA	      87
PS				  BIT	      BC
PSW				  DATA	      D0
PT0				  BIT	      B9
PT1				  BIT	      BB
PX0				  BIT	      B8
PX1				  BIT	      BA
RB8				  BIT	      9A
RD				  BIT	      B7
REN				  BIT	      9C
RESET				  CODE	    0000
RI				  BIT	      98
RS0				  BIT	      D3
RS1				  BIT	      D4
RXD				  BIT	      B0

ASEM-51 V1.3                                         Copyright (c) 2002 by W.W. Heinz                                         PAGE 4



SYMBOL				  TYPE     VALUE	LINE
------------------------------------------------------------
SBUF				  DATA	      99
SCON				  DATA	      98
SINT				  CODE	    0023
SM0				  BIT	      9F
SM1				  BIT	      9E
SM2				  BIT	      9D
SP				  DATA	      81
T0				  BIT	      B4
T1				  BIT	      B5
TB8				  BIT	      9B
TCON				  DATA	      88
TF0				  BIT	      8D
TF1				  BIT	      8F
TH0				  DATA	      8C
TH1				  DATA	      8D
TI				  BIT	      99
TIMER0				  CODE	    000B
TIMER1				  CODE	    001B
TL0				  DATA	      8A
TL1				  DATA	      8B
TMOD				  DATA	      89
TR0				  BIT	      8C
TR1				  BIT	      8E
TXD				  BIT	      B1
WR				  BIT	      B6
