
ASEM-51 V1.3                                         Copyright (c) 2002 by W.W. Heinz                                         PAGE 1





       MCS-51 Family Macro Assembler   A S E M - 5 1   V 1.3
       =====================================================



	Source File:	DingShi1.ASM
	Object File:	DingShi1.hex
	List File:	DingShi1.lst



 Line  I  Addr  Code            Source

    1:		N      0000	ORG 0000H
    2:	  0000	02 00 30	LJMP MAIN
    3:		N      000B	ORG 000BH
    4:	  000B	02 00 41	LJMP ITOP
    5:		N      0030	ORG 0030H
    6:
    7:	  0030	75 89 06	MAIN:MOV TMOD, #06H
    8:	  0033	75 8A FF	MOV TL0, #0FFH
    9:	  0036	75 8C FF	MOV TH0, #0FFH
   10:	  0039	D2 A9		SETB ET0
   11:	  003B	D2 AF		SETB EA
   12:	  003D	D2 8C		SETB TR0
   13:	  003F	80 FE		HERE: SJMP HERE
   14:
   15:	  0041			ITOP:
   16:	  0041	90 00 51	MOV DPTR, #TABLE
   17:	  0044	C0 E0		PUSH ACC
   18:	  0046	93		MOVC A, @A+DPTR
   19:	  0047	F5 A0		MOV P2, A
   20:	  0049	D0 E0		POP ACC
   21:	  004B	04		INC A
   22:	  004C	B4 0A 01	CJNE A, #0AH, FINAL
   23:	  004F	E4		CLR A
   24:	  0050	32		FINAL: RETI
   25:
   26:	  0051			TABLE:
   27:	  0051	F9 A4 B0 99	DB 0F9H,0A4H,0B0H,99H,92H
	  0055	92
   28:	  0056	82 F8 80 90	DB 82H,0F8H,80H,90H,0C0H
	  005A	C0
   29:
   30:				END





                     register banks used:  ---

                     no errors




ASEM-51 V1.3                                         Copyright (c) 2002 by W.W. Heinz                                         PAGE 2





	       L I S T   O F   S Y M B O L S
	       =============================


SYMBOL				  TYPE     VALUE	LINE
------------------------------------------------------------
??ASEM_51			  NUMBER    8051
??VERSION			  NUMBER    0130
AC				  BIT	      D6
ACC				  DATA	      E0
B				  DATA	      F0
CY				  BIT	      D7
DPH				  DATA	      83
DPL				  DATA	      82
EA				  BIT	      AF
ES				  BIT	      AC
ET0				  BIT	      A9
ET1				  BIT	      AB
EX0				  BIT	      A8
EX1				  BIT	      AA
EXTI0				  CODE	    0003
EXTI1				  CODE	    0013
F0				  BIT	      D5
FINAL				  CODE	    0050	  24
HERE				  CODE	    003F	  13
IE				  DATA	      A8
IE0				  BIT	      89
IE1				  BIT	      8B
INT0				  BIT	      B2
INT1				  BIT	      B3
IP				  DATA	      B8
IT0				  BIT	      88
IT1				  BIT	      8A
ITOP				  CODE	    0041	  15
MAIN				  CODE	    0030	   7
OV				  BIT	      D2
P				  BIT	      D0
P0				  DATA	      80
P1				  DATA	      90
P2				  DATA	      A0
P3				  DATA	      B0
PCON				  DATA	      87
PS				  BIT	      BC
PSW				  DATA	      D0
PT0				  BIT	      B9
PT1				  BIT	      BB
PX0				  BIT	      B8
PX1				  BIT	      BA
RB8				  BIT	      9A
RD				  BIT	      B7
REN				  BIT	      9C
RESET				  CODE	    0000
RI				  BIT	      98
RS0				  BIT	      D3
RS1				  BIT	      D4
RXD				  BIT	      B0

ASEM-51 V1.3                                         Copyright (c) 2002 by W.W. Heinz                                         PAGE 3



SYMBOL				  TYPE     VALUE	LINE
------------------------------------------------------------
SBUF				  DATA	      99
SCON				  DATA	      98
SINT				  CODE	    0023
SM0				  BIT	      9F
SM1				  BIT	      9E
SM2				  BIT	      9D
SP				  DATA	      81
T0				  BIT	      B4
T1				  BIT	      B5
TABLE				  CODE	    0051	  26
TB8				  BIT	      9B
TCON				  DATA	      88
TF0				  BIT	      8D
TF1				  BIT	      8F
TH0				  DATA	      8C
TH1				  DATA	      8D
TI				  BIT	      99
TIMER0				  CODE	    000B
TIMER1				  CODE	    001B
TL0				  DATA	      8A
TL1				  DATA	      8B
TMOD				  DATA	      89
TR0				  BIT	      8C
TR1				  BIT	      8E
TXD				  BIT	      B1
WR				  BIT	      B6
