
ASEM-51 V1.3                                         Copyright (c) 2002 by W.W. Heinz                                         PAGE 1





       MCS-51 Family Macro Assembler   A S E M - 5 1   V 1.3
       =====================================================



	Source File:	LiuShuiDeng.ASM
	Object File:	LiuShuiDeng.hex
	List File:	LiuShuiDeng.lst



 Line  I  Addr  Code            Source

    1:		N      0000	ORG 0000H
    2:	  0000	02 00 03	LJMP MAIN
    3:
    4:	  0003	78 08		MAIN: MOV R0,#08H
    5:	  0005	74 FE		MOV A,#0FEH
    6:	  0007	F5 A0		LOOP:MOV P2,A
    7:	  0009	12 00 12	LCALL DEL0
    8:	  000C	23		RL A
    9:	  000D	D8 F8		DJNZ R0,LOOP
   10:	  000F	02 00 03	LJMP MAIN
   11:
   12:	  0012	7F 0F		DEL0: MOV R7,#15
   13:	  0014	7E CA		DEL1: MOV R6, #202
   14:	  0016	7D 51		DEL2: MOV R5, #81
   15:	  0018	DD FE		DEL3: DJNZ R5, DEL3
   16:	  001A	DE FA		DJNZ R6,DEL2
   17:	  001C	DF F6		DJNZ R7,DEL1
   18:	  001E	22		RET
   19:
   20:				END





                     register banks used:  ---

                     no errors




ASEM-51 V1.3                                         Copyright (c) 2002 by W.W. Heinz                                         PAGE 2





	       L I S T   O F   S Y M B O L S
	       =============================


SYMBOL				  TYPE     VALUE	LINE
------------------------------------------------------------
??ASEM_51			  NUMBER    8051
??VERSION			  NUMBER    0130
AC				  BIT	      D6
ACC				  DATA	      E0
B				  DATA	      F0
CY				  BIT	      D7
DEL0				  CODE	    0012	  12
DEL1				  CODE	    0014	  13
DEL2				  CODE	    0016	  14
DEL3				  CODE	    0018	  15
DPH				  DATA	      83
DPL				  DATA	      82
EA				  BIT	      AF
ES				  BIT	      AC
ET0				  BIT	      A9
ET1				  BIT	      AB
EX0				  BIT	      A8
EX1				  BIT	      AA
EXTI0				  CODE	    0003
EXTI1				  CODE	    0013
F0				  BIT	      D5
IE				  DATA	      A8
IE0				  BIT	      89
IE1				  BIT	      8B
INT0				  BIT	      B2
INT1				  BIT	      B3
IP				  DATA	      B8
IT0				  BIT	      88
IT1				  BIT	      8A
LOOP				  CODE	    0007	   6
MAIN				  CODE	    0003	   4
OV				  BIT	      D2
P				  BIT	      D0
P0				  DATA	      80
P1				  DATA	      90
P2				  DATA	      A0
P3				  DATA	      B0
PCON				  DATA	      87
PS				  BIT	      BC
PSW				  DATA	      D0
PT0				  BIT	      B9
PT1				  BIT	      BB
PX0				  BIT	      B8
PX1				  BIT	      BA
RB8				  BIT	      9A
RD				  BIT	      B7
REN				  BIT	      9C
RESET				  CODE	    0000
RI				  BIT	      98
RS0				  BIT	      D3

ASEM-51 V1.3                                         Copyright (c) 2002 by W.W. Heinz                                         PAGE 3



SYMBOL				  TYPE     VALUE	LINE
------------------------------------------------------------
RS1				  BIT	      D4
RXD				  BIT	      B0
SBUF				  DATA	      99
SCON				  DATA	      98
SINT				  CODE	    0023
SM0				  BIT	      9F
SM1				  BIT	      9E
SM2				  BIT	      9D
SP				  DATA	      81
T0				  BIT	      B4
T1				  BIT	      B5
TB8				  BIT	      9B
TCON				  DATA	      88
TF0				  BIT	      8D
TF1				  BIT	      8F
TH0				  DATA	      8C
TH1				  DATA	      8D
TI				  BIT	      99
TIMER0				  CODE	    000B
TIMER1				  CODE	    001B
TL0				  DATA	      8A
TL1				  DATA	      8B
TMOD				  DATA	      89
TR0				  BIT	      8C
TR1				  BIT	      8E
TXD				  BIT	      B1
WR				  BIT	      B6
