
ASEM-51 V1.3                                         Copyright (c) 2002 by W.W. Heinz                                         PAGE 1





       MCS-51 Family Macro Assembler   A S E M - 5 1   V 1.3
       =====================================================



	Source File:	EX1.ASM
	Object File:	EX1.hex
	List File:	EX1.lst



 Line  I  Addr  Code            Source

    1:		N      0100	ORG  0100H
    2:
    3:	  0100	78 11		MOV R0,#11H
    4:
    5:	  0102	79 22		MOV R1,#22H
    6:
    7:	  0104	7A 33		MOV R2,#33H
    8:
    9:	  0106	7B 44		MOV R3,#44H
   10:
   11:	  0108	75 D0 10	MOV PSW,#10H
   12:
   13:	  010B	78 55		MOV R0,#55H
   14:
   15:	  010D	79 66		MOV R1,#66H
   16:
   17:	  010F	7A 77		MOV R2,#77H
   18:
   19:	  0111	7B 88		MOV R3,#88H
   20:
   21:	  0113	75 D0 08	MOV PSW,#08H
   22:
   23:	  0116	78 03		MOV R0,#3H
   24:
   25:	  0118	79 06		MOV R1,#6H
   26:
   27:	  011A	7A 09		MOV R2,#9H
   28:
   29:	  011C	7B 12		MOV R3,#12H
   30:
   31:	  011E	75 D0 18	MOV PSW,#18H
   32:
   33:	  0121	78 23		MOV R0,#23H
   34:
   35:	  0123	79 26		MOV R1,#26H
   36:
   37:	  0125	7A 29		MOV R2,#29H
   38:
   39:	  0127	7B 32		MOV R3,#32H
   40:
   41:	  0129	75 D0 00	MOV PSW,#00H
   42:
   43:	  012C	7F 73		MOV R7,#73H

ASEM-51 V1.3                                         Copyright (c) 2002 by W.W. Heinz                                         PAGE 2



 Line  I  Addr  Code            Source

   44:
   45:	  012E	7E 56		MOV R6,#56H
   46:
   47:	  0130	7D 49		MOV R5,#49H
   48:
   49:	  0132	7C 10		MOV R4,#10H
   50:
   51:	  0134	75 D0 08	MOV PSW,#08H
   52:
   53:	  0137	7F 58		MOV R7,#58H
   54:
   55:	  0139	7E AD		MOV R6,#0ADH
   56:
   57:	  013B	7D 49		MOV R5,#49H
   58:
   59:	  013D	7C 92		MOV R4,#92H
   60:
   61:	  013F	75 D0 18	MOV PSW,#18H
   62:
   63:	  0142	7F E0		MOV R7,#0E0H
   64:
   65:	  0144	7E B6		MOV R6,#0B6H
   66:
   67:	  0146	7D 2A		MOV R5,#2AH
   68:
   69:	  0148	7C C2		MOV R4,#0C2H
   70:
   71:	  014A	75 D0 10	MOV PSW,#10H
   72:
   73:	  014D	7F 5D		MOV R7,#5DH
   74:
   75:	  014F	7E A6		MOV R6,#0A6H
   76:
   77:	  0151	7D C7		MOV R5,#0C7H
   78:
   79:	  0153	7C F8		MOV R4,#0F8H
   80:
   81:				END





                     register banks used:  ---

                     no errors




ASEM-51 V1.3                                         Copyright (c) 2002 by W.W. Heinz                                         PAGE 3





	       L I S T   O F   S Y M B O L S
	       =============================


SYMBOL				  TYPE     VALUE	LINE
------------------------------------------------------------
??ASEM_51			  NUMBER    8051
??VERSION			  NUMBER    0130
AC				  BIT	      D6
ACC				  DATA	      E0
B				  DATA	      F0
CY				  BIT	      D7
DPH				  DATA	      83
DPL				  DATA	      82
EA				  BIT	      AF
ES				  BIT	      AC
ET0				  BIT	      A9
ET1				  BIT	      AB
EX0				  BIT	      A8
EX1				  BIT	      AA
EXTI0				  CODE	    0003
EXTI1				  CODE	    0013
F0				  BIT	      D5
IE				  DATA	      A8
IE0				  BIT	      89
IE1				  BIT	      8B
INT0				  BIT	      B2
INT1				  BIT	      B3
IP				  DATA	      B8
IT0				  BIT	      88
IT1				  BIT	      8A
OV				  BIT	      D2
P				  BIT	      D0
P0				  DATA	      80
P1				  DATA	      90
P2				  DATA	      A0
P3				  DATA	      B0
PCON				  DATA	      87
PS				  BIT	      BC
PSW				  DATA	      D0
PT0				  BIT	      B9
PT1				  BIT	      BB
PX0				  BIT	      B8
PX1				  BIT	      BA
RB8				  BIT	      9A
RD				  BIT	      B7
REN				  BIT	      9C
RESET				  CODE	    0000
RI				  BIT	      98
RS0				  BIT	      D3
RS1				  BIT	      D4
RXD				  BIT	      B0
SBUF				  DATA	      99
SCON				  DATA	      98
SINT				  CODE	    0023
SM0				  BIT	      9F

ASEM-51 V1.3                                         Copyright (c) 2002 by W.W. Heinz                                         PAGE 4



SYMBOL				  TYPE     VALUE	LINE
------------------------------------------------------------
SM1				  BIT	      9E
SM2				  BIT	      9D
SP				  DATA	      81
T0				  BIT	      B4
T1				  BIT	      B5
TB8				  BIT	      9B
TCON				  DATA	      88
TF0				  BIT	      8D
TF1				  BIT	      8F
TH0				  DATA	      8C
TH1				  DATA	      8D
TI				  BIT	      99
TIMER0				  CODE	    000B
TIMER1				  CODE	    001B
TL0				  DATA	      8A
TL1				  DATA	      8B
TMOD				  DATA	      89
TR0				  BIT	      8C
TR1				  BIT	      8E
TXD				  BIT	      B1
WR				  BIT	      B6
