
ASEM-51 V1.3                                         Copyright (c) 2002 by W.W. Heinz                                         PAGE 1





       MCS-51 Family Macro Assembler   A S E M - 5 1   V 1.3
       =====================================================



	Source File:	EX2.ASM
	Object File:	EX2.hex
	List File:	EX2.lst



 Line  I  Addr  Code            Source

    1:		N      0100	ORG  0100H
    2:
    3:	  0100	75 20 F0	MOV 20H,#0F0H
    4:
    5:	  0103	D2 00		SETB 00H
    6:
    7:	  0105	D2 01		SETB 01H
    8:
    9:	  0107	D2 02		SETB 02H
   10:
   11:	  0109	D2 03		SETB 03H
   12:
   13:	  010B	C2 04		CLR 04H
   14:
   15:	  010D	C2 05		CLR 05H
   16:
   17:	  010F	C2 06		CLR 06H
   18:
   19:	  0111	C2 07		CLR 07H
   20:
   21:	  0113	D2 78		SETB 78H
   22:
   23:	  0115	D2 79		SETB 79H
   24:
   25:	  0117	D2 7E		SETB 7EH
   26:
   27:	  0119	D2 7F		SETB 7FH
   28:
   29:	  011B	75 2F 3C	MOV 2FH,#3CH
   30:
   31:	  011E	C2 7D		CLR 7DH
   32:
   33:	  0120	C2 7B		CLR 7BH
   34:
   35:	  0122	C2 7C		CLR 7CH
   36:
   37:	  0124	C2 7A		CLR 7AH
   38:
   39:	  0126	75 2B D2	MOV 2BH,#0D2H
   40:
   41:	  0129	D2 5B		SETB 5BH
   42:
   43:	  012B	D2 5D		SETB 5DH

ASEM-51 V1.3                                         Copyright (c) 2002 by W.W. Heinz                                         PAGE 2



 Line  I  Addr  Code            Source

   44:
   45:	  012D	D2 5A		SETB 5AH
   46:
   47:	  012F	D2 58		SETB 58H
   48:
   49:	  0131	C2 5E		CLR 5EH
   50:
   51:	  0133	C2 5C		CLR 5CH
   52:
   53:	  0135	C2 5F		CLR 5FH
   54:
   55:	  0137	C2 59		CLR 59H
   56:
   57:	  0139	75 90 CB	MOV 90H,#0CBH
   58:
   59:	  013C	C2 90		CLR 90H
   60:
   61:	  013E	C2 91		CLR 91H
   62:
   63:	  0140	C2 93		CLR 93H
   64:
   65:	  0142	C2 96		CLR 96H
   66:
   67:	  0144	C2 97		CLR 97H
   68:
   69:	  0146	D2 92		SETB 92H
   70:
   71:	  0148	D2 94		SETB 94H
   72:
   73:	  014A	D2 95		SETB 95H
   74:
   75:	  014C	75 E0 B9	MOV Acc,#0B9H
   76:
   77:	  014F	D2 E1		SETB Acc.1
   78:
   79:	  0151	D2 E2		SETB Acc.2
   80:
   81:	  0153	D2 E6		SETB Acc.6
   82:
   83:	  0155	C2 E0		CLR Acc.0
   84:
   85:	  0157	C2 E3		CLR Acc.3
   86:
   87:	  0159	C2 E4		CLR Acc.4
   88:
   89:	  015B	C2 E5		CLR Acc.5
   90:
   91:	  015D	C2 E7		CLR Acc.7
   92:
   93:				END





                     register banks used:  ---

ASEM-51 V1.3                                         Copyright (c) 2002 by W.W. Heinz                                         PAGE 3




                     no errors




ASEM-51 V1.3                                         Copyright (c) 2002 by W.W. Heinz                                         PAGE 4





	       L I S T   O F   S Y M B O L S
	       =============================


SYMBOL				  TYPE     VALUE	LINE
------------------------------------------------------------
??ASEM_51			  NUMBER    8051
??VERSION			  NUMBER    0130
AC				  BIT	      D6
ACC				  DATA	      E0
B				  DATA	      F0
CY				  BIT	      D7
DPH				  DATA	      83
DPL				  DATA	      82
EA				  BIT	      AF
ES				  BIT	      AC
ET0				  BIT	      A9
ET1				  BIT	      AB
EX0				  BIT	      A8
EX1				  BIT	      AA
EXTI0				  CODE	    0003
EXTI1				  CODE	    0013
F0				  BIT	      D5
IE				  DATA	      A8
IE0				  BIT	      89
IE1				  BIT	      8B
INT0				  BIT	      B2
INT1				  BIT	      B3
IP				  DATA	      B8
IT0				  BIT	      88
IT1				  BIT	      8A
OV				  BIT	      D2
P				  BIT	      D0
P0				  DATA	      80
P1				  DATA	      90
P2				  DATA	      A0
P3				  DATA	      B0
PCON				  DATA	      87
PS				  BIT	      BC
PSW				  DATA	      D0
PT0				  BIT	      B9
PT1				  BIT	      BB
PX0				  BIT	      B8
PX1				  BIT	      BA
RB8				  BIT	      9A
RD				  BIT	      B7
REN				  BIT	      9C
RESET				  CODE	    0000
RI				  BIT	      98
RS0				  BIT	      D3
RS1				  BIT	      D4
RXD				  BIT	      B0
SBUF				  DATA	      99
SCON				  DATA	      98
SINT				  CODE	    0023
SM0				  BIT	      9F

ASEM-51 V1.3                                         Copyright (c) 2002 by W.W. Heinz                                         PAGE 5



SYMBOL				  TYPE     VALUE	LINE
------------------------------------------------------------
SM1				  BIT	      9E
SM2				  BIT	      9D
SP				  DATA	      81
T0				  BIT	      B4
T1				  BIT	      B5
TB8				  BIT	      9B
TCON				  DATA	      88
TF0				  BIT	      8D
TF1				  BIT	      8F
TH0				  DATA	      8C
TH1				  DATA	      8D
TI				  BIT	      99
TIMER0				  CODE	    000B
TIMER1				  CODE	    001B
TL0				  DATA	      8A
TL1				  DATA	      8B
TMOD				  DATA	      89
TR0				  BIT	      8C
TR1				  BIT	      8E
TXD				  BIT	      B1
WR				  BIT	      B6
