
ASEM-51 V1.3                                         Copyright (c) 2002 by W.W. Heinz                                         PAGE 1





       MCS-51 Family Macro Assembler   A S E M - 5 1   V 1.3
       =====================================================



	Source File:	EX3.ASM
	Object File:	EX3.hex
	List File:	EX3.lst



 Line  I  Addr  Code            Source

    1:		N      0100	ORG 0100H
    2:
    3:	  0100	75 30 99	MOV 30H,#99H
    4:
    5:	  0103	75 45 DA	MOV 45H,#0DAH
    6:
    7:	  0106	75 45 AA	MOV 45H,#0AAH
    8:
    9:	  0109	75 55 EA	MOV 55H,#0EAH
   10:
   11:	  010C	75 5F 3A	MOV 5FH,#03AH
   12:
   13:	  010F	75 61 4A	MOV 61H,#04AH
   14:
   15:	  0112	75 68 5B	MOV 68H,#5BH
   16:
   17:	  0115	75 73 6A	MOV 73H,#6AH
   18:
   19:	  0118	75 7E 1B	MOV 7EH,#1BH
   20:
   21:	  011B	75 83 5B	MOV 83H,#5BH
   22:
   23:	  011E	75 81 50	MOV SP,#50H
   24:
   25:	  0121	74 60		MOV A,#60H
   26:
   27:	  0123	75 90 55	MOV P1,#55H
   28:
   29:	  0126	75 D0 90	MOV PSW,#90H
   30:
   31:	  0129	90 12 34	MOV DPTR,#1234H
   32:
   33:	  012C	75 80 69	MOV 80H,#69H
   34:
   35:	  012F	75 A0 AD	MOV 0A0H,#0ADH
   36:
   37:	  0132	75 B0 49	MOV 0B0H,#49H
   38:
   39:	  0135	75 E0 92	MOV 0E0H,#92H
   40:
   41:	  0138	75 F0 4F	MOV 0F0H,#4FH
   42:
   43:	  013B	75 82 9C	MOV 82H,#9CH

ASEM-51 V1.3                                         Copyright (c) 2002 by W.W. Heinz                                         PAGE 2



 Line  I  Addr  Code            Source

   44:
   45:	  013E	75 83 3C	MOV 83H,#3CH
   46:
   47:	  0141	75 8A 03	MOV 8AH,#03H
   48:
   49:	  0144	75 8B 1F	MOV 8BH,#1FH
   50:
   51:	  0147	75 8D 03	MOV 8DH,#03H
   52:
   53:	  014A	75 8C 1F	MOV 8CH,#1FH
   54:
   55:	  014D	75 A8 01	MOV 0A8H,#01H
   56:
   57:	  0150	75 89 10	MOV 89H,#10H
   58:
   59:	  0153	75 B8 05	MOV 0B8H,#05H
   60:
   61:	  0156	75 88 13	MOV 88H,#13H
   62:
   63:	  0159	75 87 80	MOV 87H,#80H
   64:
   65:				END





                     register banks used:  ---

                     no errors




ASEM-51 V1.3                                         Copyright (c) 2002 by W.W. Heinz                                         PAGE 3





	       L I S T   O F   S Y M B O L S
	       =============================


SYMBOL				  TYPE     VALUE	LINE
------------------------------------------------------------
??ASEM_51			  NUMBER    8051
??VERSION			  NUMBER    0130
AC				  BIT	      D6
ACC				  DATA	      E0
B				  DATA	      F0
CY				  BIT	      D7
DPH				  DATA	      83
DPL				  DATA	      82
EA				  BIT	      AF
ES				  BIT	      AC
ET0				  BIT	      A9
ET1				  BIT	      AB
EX0				  BIT	      A8
EX1				  BIT	      AA
EXTI0				  CODE	    0003
EXTI1				  CODE	    0013
F0				  BIT	      D5
IE				  DATA	      A8
IE0				  BIT	      89
IE1				  BIT	      8B
INT0				  BIT	      B2
INT1				  BIT	      B3
IP				  DATA	      B8
IT0				  BIT	      88
IT1				  BIT	      8A
OV				  BIT	      D2
P				  BIT	      D0
P0				  DATA	      80
P1				  DATA	      90
P2				  DATA	      A0
P3				  DATA	      B0
PCON				  DATA	      87
PS				  BIT	      BC
PSW				  DATA	      D0
PT0				  BIT	      B9
PT1				  BIT	      BB
PX0				  BIT	      B8
PX1				  BIT	      BA
RB8				  BIT	      9A
RD				  BIT	      B7
REN				  BIT	      9C
RESET				  CODE	    0000
RI				  BIT	      98
RS0				  BIT	      D3
RS1				  BIT	      D4
RXD				  BIT	      B0
SBUF				  DATA	      99
SCON				  DATA	      98
SINT				  CODE	    0023
SM0				  BIT	      9F

ASEM-51 V1.3                                         Copyright (c) 2002 by W.W. Heinz                                         PAGE 4



SYMBOL				  TYPE     VALUE	LINE
------------------------------------------------------------
SM1				  BIT	      9E
SM2				  BIT	      9D
SP				  DATA	      81
T0				  BIT	      B4
T1				  BIT	      B5
TB8				  BIT	      9B
TCON				  DATA	      88
TF0				  BIT	      8D
TF1				  BIT	      8F
TH0				  DATA	      8C
TH1				  DATA	      8D
TI				  BIT	      99
TIMER0				  CODE	    000B
TIMER1				  CODE	    001B
TL0				  DATA	      8A
TL1				  DATA	      8B
TMOD				  DATA	      89
TR0				  BIT	      8C
TR1				  BIT	      8E
TXD				  BIT	      B1
WR				  BIT	      B6
