
ASEM-51 V1.3                                         Copyright (c) 2002 by W.W. Heinz                                         PAGE 1





       MCS-51 Family Macro Assembler   A S E M - 5 1   V 1.3
       =====================================================



	Source File:	EX5.ASM
	Object File:	EX5.hex
	List File:	EX5.lst



 Line  I  Addr  Code            Source

    1:		N      0100	ORG 0100H
    2:	  0100	75 D0 08	MOV PSW, #08H
    3:	  0103	78 01		MOV R0, #01H
    4:	  0105	79 02		MOV R1, #02H
    5:	  0107	7A 03		MOV R2, #03H
    6:	  0109	7B 04		MOV R3, #04H
    7:	  010B	7C 05		MOV R4, #05H
    8:	  010D	7D 06		MOV R5, #06H
    9:	  010F	7E 07		MOV R6, #07H
   10:	  0111	7F 08		MOV R7, #08H
   11:	  0113	75 30 31	MOV 30H, #31H
   12:	  0116	75 31 32	MOV 31H, #32H
   13:	  0119	75 32 33	MOV 32H, #33H
   14:	  011C	75 33 34	MOV 33H, #34H
   15:	  011F	75 34 35	MOV 34H, #35H
   16:	  0122	75 35 36	MOV 35H, #36H
   17:	  0125	75 36 37	MOV 36H, #37H
   18:	  0128	75 37 38	MOV 37H, #38H
   19:	  012B	C0 30		PUSH 30H
   20:	  012D	C0 31		PUSH 31H
   21:	  012F	C0 32		PUSH 32H
   22:	  0131	C0 33		PUSH 33H
   23:	  0133	C0 34		PUSH 34H
   24:	  0135	C0 35		PUSH 35H
   25:	  0137	C0 36		PUSH 36H
   26:	  0139	C0 37		PUSH 37H
   27:	  013B	D0 40		POP 40H
   28:	  013D	D0 41		POP 41H
   29:	  013F	D0 42		POP 42H
   30:	  0141	D0 43		POP 43H
   31:	  0143	D0 44		POP 44H
   32:	  0145	D0 45		POP 45H
   33:	  0147	D0 46		POP 46H
   34:	  0149	D0 47		POP 47H
   35:	  014B	75 81 0F	MOV SP, #0FH
   36:	  014E	D0 57		POP 57H
   37:	  0150	D0 56		POP 56H
   38:	  0152	D0 55		POP 55H
   39:	  0154	D0 54		POP 54H
   40:	  0156	D0 53		POP 53H
   41:	  0158	D0 52		POP 52H
   42:	  015A	D0 51		POP 51H
   43:	  015C	D0 50		POP 50H

ASEM-51 V1.3                                         Copyright (c) 2002 by W.W. Heinz                                         PAGE 2



 Line  I  Addr  Code            Source

   44:	  015E	75 81 60	MOV SP, #60H
   45:	  0161	C0 40		PUSH 40H
   46:	  0163	C0 41		PUSH 41H
   47:	  0165	C0 42		PUSH 42H
   48:	  0167	C0 43		PUSH 43H
   49:	  0169	C0 44		PUSH 44H
   50:	  016B	C0 45		PUSH 45H
   51:	  016D	C0 46		PUSH 46H
   52:	  016F	C0 47		PUSH 47H
   53:	  0171	D0 48		POP 48H
   54:	  0173	D0 49		POP 49H
   55:	  0175	D0 4A		POP 4AH
   56:	  0177	D0 4B		POP 4BH
   57:	  0179	D0 4C		POP 4CH
   58:	  017B	D0 4D		POP 4DH
   59:	  017D	D0 4E		POP 4EH
   60:	  017F	D0 4F		POP 4FH
   61:				END





                     register banks used:  ---

                     no errors




ASEM-51 V1.3                                         Copyright (c) 2002 by W.W. Heinz                                         PAGE 3





	       L I S T   O F   S Y M B O L S
	       =============================


SYMBOL				  TYPE     VALUE	LINE
------------------------------------------------------------
??ASEM_51			  NUMBER    8051
??VERSION			  NUMBER    0130
AC				  BIT	      D6
ACC				  DATA	      E0
B				  DATA	      F0
CY				  BIT	      D7
DPH				  DATA	      83
DPL				  DATA	      82
EA				  BIT	      AF
ES				  BIT	      AC
ET0				  BIT	      A9
ET1				  BIT	      AB
EX0				  BIT	      A8
EX1				  BIT	      AA
EXTI0				  CODE	    0003
EXTI1				  CODE	    0013
F0				  BIT	      D5
IE				  DATA	      A8
IE0				  BIT	      89
IE1				  BIT	      8B
INT0				  BIT	      B2
INT1				  BIT	      B3
IP				  DATA	      B8
IT0				  BIT	      88
IT1				  BIT	      8A
OV				  BIT	      D2
P				  BIT	      D0
P0				  DATA	      80
P1				  DATA	      90
P2				  DATA	      A0
P3				  DATA	      B0
PCON				  DATA	      87
PS				  BIT	      BC
PSW				  DATA	      D0
PT0				  BIT	      B9
PT1				  BIT	      BB
PX0				  BIT	      B8
PX1				  BIT	      BA
RB8				  BIT	      9A
RD				  BIT	      B7
REN				  BIT	      9C
RESET				  CODE	    0000
RI				  BIT	      98
RS0				  BIT	      D3
RS1				  BIT	      D4
RXD				  BIT	      B0
SBUF				  DATA	      99
SCON				  DATA	      98
SINT				  CODE	    0023
SM0				  BIT	      9F

ASEM-51 V1.3                                         Copyright (c) 2002 by W.W. Heinz                                         PAGE 4



SYMBOL				  TYPE     VALUE	LINE
------------------------------------------------------------
SM1				  BIT	      9E
SM2				  BIT	      9D
SP				  DATA	      81
T0				  BIT	      B4
T1				  BIT	      B5
TB8				  BIT	      9B
TCON				  DATA	      88
TF0				  BIT	      8D
TF1				  BIT	      8F
TH0				  DATA	      8C
TH1				  DATA	      8D
TI				  BIT	      99
TIMER0				  CODE	    000B
TIMER1				  CODE	    001B
TL0				  DATA	      8A
TL1				  DATA	      8B
TMOD				  DATA	      89
TR0				  BIT	      8C
TR1				  BIT	      8E
TXD				  BIT	      B1
WR				  BIT	      B6
