
ASEM-51 V1.3                                         Copyright (c) 2002 by W.W. Heinz                                         PAGE 1





       MCS-51 Family Macro Assembler   A S E M - 5 1   V 1.3
       =====================================================



	Source File:	EX2.ASM
	Object File:	EX2.hex
	List File:	EX2.lst



 Line  I  Addr  Code            Source

    1:		N      0100	ORG  0100H
    2:	  0100	7D 37		MOV R5, #37H
    3:	  0102	75 40 13	MOV 40H, #13H
    4:	  0105	75 41 93	MOV 41H, #93H
    5:	  0108	75 42 F3	MOV 42H, #0F3H
    6:	  010B	78 21		MOV R0, #21H
    7:	  010D	75 21 57	MOV 21H, #57H
    8:	  0110	79 31		MOV R1, #31H
    9:	  0112	75 31 89	MOV 31H, #89H
   10:	  0115	74 DF		MOV A, #0DFH
   11:	  0117	54 EF		ANL A, #0EFH
   12:	  0119	5D		ANL A, R5
   13:	  011A	55 40		ANL A, 40H
   14:	  011C	57		ANL A, @R1
   15:	  011D	52 40		ANL 40H, A
   16:	  011F	53 40 83	ANL 40H, #83H
   17:	  0122	44 CF		ORL A, #0CFH
   18:	  0124	48		ORL A, R0
   19:	  0125	45 40		ORL A, 40H
   20:	  0127	46		ORL A, @R0
   21:	  0128	42 41		ORL 41H, A
   22:	  012A	43 41 83	ORL 41H, #83H
   23:	  012D	64 3F		XRL A, #3FH
   24:	  012F	68		XRL A, R0
   25:	  0130	65 40		XRL A, 40H
   26:	  0132	67		XRL A, @R1
   27:	  0133	62 41		XRL 41H, A
   28:	  0135	63 42 73	XRL 42H, #73H
   29:	  0138	75 90 E6	MOV P1, #0E6H
   30:	  013B	74 82		MOV A, #82H
   31:	  013D	53 90 F0	ANL P1, #0F0H
   32:	  0140	54 0F		ANL A, #0FH
   33:	  0142	42 90		ORL P1, A
   34:	  0144	63 90 AA	XRL P1, #0AAH
   35:	  0147	75 60 88	MOV 60H, #88H
   36:	  014A	75 70 03	MOV 70H, #03H
   37:	  014D	E5 60		MOV A, 60H
   38:	  014F	03		RR A
   39:	  0150	03		RR A
   40:	  0151	F5 61		MOV 61H, A
   41:	  0153	E5 70		MOV A, 70H
   42:	  0155	23		RL A
   43:	  0156	23		RL A

ASEM-51 V1.3                                         Copyright (c) 2002 by W.W. Heinz                                         PAGE 2



 Line  I  Addr  Code            Source

   44:	  0157	F5 71		MOV 71H, A
   45:	  0159	E5 60		MOV A, 60H
   46:	  015B	D3		SETB C
   47:	  015C	13		RRC A
   48:	  015D	13		RRC A
   49:	  015E	F5 62		MOV 62H, A
   50:	  0160	E5 70		MOV A, 70H
   51:	  0162	D3		SETB C
   52:	  0163	33		RLC A
   53:	  0164	33		RLC A
   54:	  0165	F5 72		MOV 72H, A
   55:				END





                     register banks used:  ---

                     no errors




ASEM-51 V1.3                                         Copyright (c) 2002 by W.W. Heinz                                         PAGE 3





	       L I S T   O F   S Y M B O L S
	       =============================


SYMBOL				  TYPE     VALUE	LINE
------------------------------------------------------------
??ASEM_51			  NUMBER    8051
??VERSION			  NUMBER    0130
AC				  BIT	      D6
ACC				  DATA	      E0
B				  DATA	      F0
CY				  BIT	      D7
DPH				  DATA	      83
DPL				  DATA	      82
EA				  BIT	      AF
ES				  BIT	      AC
ET0				  BIT	      A9
ET1				  BIT	      AB
EX0				  BIT	      A8
EX1				  BIT	      AA
EXTI0				  CODE	    0003
EXTI1				  CODE	    0013
F0				  BIT	      D5
IE				  DATA	      A8
IE0				  BIT	      89
IE1				  BIT	      8B
INT0				  BIT	      B2
INT1				  BIT	      B3
IP				  DATA	      B8
IT0				  BIT	      88
IT1				  BIT	      8A
OV				  BIT	      D2
P				  BIT	      D0
P0				  DATA	      80
P1				  DATA	      90
P2				  DATA	      A0
P3				  DATA	      B0
PCON				  DATA	      87
PS				  BIT	      BC
PSW				  DATA	      D0
PT0				  BIT	      B9
PT1				  BIT	      BB
PX0				  BIT	      B8
PX1				  BIT	      BA
RB8				  BIT	      9A
RD				  BIT	      B7
REN				  BIT	      9C
RESET				  CODE	    0000
RI				  BIT	      98
RS0				  BIT	      D3
RS1				  BIT	      D4
RXD				  BIT	      B0
SBUF				  DATA	      99
SCON				  DATA	      98
SINT				  CODE	    0023
SM0				  BIT	      9F

ASEM-51 V1.3                                         Copyright (c) 2002 by W.W. Heinz                                         PAGE 4



SYMBOL				  TYPE     VALUE	LINE
------------------------------------------------------------
SM1				  BIT	      9E
SM2				  BIT	      9D
SP				  DATA	      81
T0				  BIT	      B4
T1				  BIT	      B5
TB8				  BIT	      9B
TCON				  DATA	      88
TF0				  BIT	      8D
TF1				  BIT	      8F
TH0				  DATA	      8C
TH1				  DATA	      8D
TI				  BIT	      99
TIMER0				  CODE	    000B
TIMER1				  CODE	    001B
TL0				  DATA	      8A
TL1				  DATA	      8B
TMOD				  DATA	      89
TR0				  BIT	      8C
TR1				  BIT	      8E
TXD				  BIT	      B1
WR				  BIT	      B6
